[28-Nov-2016 18:09:50 America/Los_Angeles] PHP Parse error:  syntax error, unexpected '<' in /home/stu/phuynh/public_html/xyxy/book.php on line 145
[01-Dec-2016 17:39:46 America/Los_Angeles] PHP Parse error:  syntax error, unexpected 'echo' (T_ECHO), expecting ',' or ';' in /home/stu/yoh/public_html/database/check-payment.php on line 34
[01-Dec-2016 18:26:48 America/Los_Angeles] PHP Parse error:  syntax error, unexpected ')' in /home/stu/yoh/public_html/database/check-payment.php on line 11
[01-Dec-2016 18:27:14 America/Los_Angeles] PHP Parse error:  syntax error, unexpected '$booking_id' (T_VARIABLE) in /home/stu/yoh/public_html/database/check-payment.php on line 16
[01-Dec-2016 18:32:03 America/Los_Angeles] PHP Parse error:  syntax error, unexpected ';' in /home/stu/yoh/public_html/database/check-payment.php on line 22
[01-Dec-2016 18:38:37 America/Los_Angeles] PHP Parse error:  syntax error, unexpected ';' in /home/stu/yoh/public_html/database/check-payment.php on line 80
[01-Dec-2016 18:45:09 America/Los_Angeles] PHP Parse error:  syntax error, unexpected ')' in /home/stu/yoh/public_html/database/check-payment.php on line 9
[01-Dec-2016 19:02:08 America/Los_Angeles] PHP Parse error:  syntax error, unexpected 'echo' (T_ECHO) in /home/stu/yoh/public_html/database/check-payment.php on line 116
[02-Dec-2016 23:15:32 America/Los_Angeles] PHP Parse error:  syntax error, unexpected 'oci_bind_by_name' (T_STRING) in /home/stu/yoh/public_html/database/book-pay.php on line 65
[03-Dec-2016 17:07:54 America/Los_Angeles] PHP Parse error:  syntax error, unexpected '.' in /home/stu/yoh/public_html/database/reservation.php on line 75
[03-Dec-2016 17:48:47 America/Los_Angeles] PHP Fatal error:  Uncaught exception 'Exception' with message 'DateTime::__construct(): Failed to parse time string (03-DEC-16 04.55.11.645959 PM) at position 26 (P): The timezone could not be found in the database' in /home/stu/yoh/public_html/database/check-payment.php:21
Stack trace:
#0 /home/stu/yoh/public_html/database/check-payment.php(21): DateTime->__construct('03-DEC-16 04.55...')
#1 {main}
  thrown in /home/stu/yoh/public_html/database/check-payment.php on line 21
[03-Dec-2016 17:49:43 America/Los_Angeles] PHP Parse error:  syntax error, unexpected ',' in /home/stu/yoh/public_html/database/check-payment.php on line 20
[03-Dec-2016 17:53:50 America/Los_Angeles] PHP Fatal error:  Uncaught exception 'Exception' with message 'DateTime::__construct(): Failed to parse time string (03-DEC-16 04.55.11.645959 PM) at position 26 (P): The timezone could not be found in the database' in /home/stu/yoh/public_html/database/check-payment.php:21
Stack trace:
#0 /home/stu/yoh/public_html/database/check-payment.php(21): DateTime->__construct('03-DEC-16 04.55...')
#1 /home/stu/yoh/public_html/database/check-payment.php(24): parse_timestamp('03-DEC-16 04.55...')
#2 {main}
  thrown in /home/stu/yoh/public_html/database/check-payment.php on line 21
[03-Dec-2016 17:55:52 America/Los_Angeles] PHP Fatal error:  Call to a member function format() on boolean in /home/stu/yoh/public_html/database/check-payment.php on line 21
[03-Dec-2016 17:56:43 America/Los_Angeles] PHP Fatal error:  Call to a member function format() on boolean in /home/stu/yoh/public_html/database/check-payment.php on line 21
[03-Dec-2016 17:57:37 America/Los_Angeles] PHP Fatal error:  Uncaught exception 'Exception' with message 'DateTime::__construct(): Failed to parse time string (03-DEC-16 04.55.11.645959 PM) at position 26 (P): The timezone could not be found in the database' in /home/stu/yoh/public_html/database/check-payment.php:20
Stack trace:
#0 /home/stu/yoh/public_html/database/check-payment.php(20): DateTime->__construct('03-DEC-16 04.55...')
#1 {main}
  thrown in /home/stu/yoh/public_html/database/check-payment.php on line 20
[03-Dec-2016 17:58:25 America/Los_Angeles] PHP Fatal error:  Uncaught exception 'Exception' with message 'DateTime::__construct(): Failed to parse time string (03-DEC-16 04.55.11.645959 PM) at position 26 (P): The timezone could not be found in the database' in /home/stu/yoh/public_html/database/check-payment.php:20
Stack trace:
#0 /home/stu/yoh/public_html/database/check-payment.php(20): DateTime->__construct('03-DEC-16 04.55...')
#1 {main}
  thrown in /home/stu/yoh/public_html/database/check-payment.php on line 20
